\BOOKMARK [0][-]{chapter*.2}{List of Figures}{}% 1
\BOOKMARK [0][-]{chapter*.3}{List of Algorithms}{}% 2
\BOOKMARK [0][-]{chapter.1}{Introduction}{}% 3
\BOOKMARK [1][-]{section.1.1}{Overview}{chapter.1}% 4
\BOOKMARK [1][-]{section.1.2}{Structure of Document}{chapter.1}% 5
\BOOKMARK [0][-]{chapter.2}{Literature Review}{}% 6
\BOOKMARK [1][-]{section.2.1}{Hidden Markov Tree}{chapter.2}% 7
\BOOKMARK [2][-]{subsection.2.1.1}{General Introduction}{section.2.1}% 8
\BOOKMARK [2][-]{subsection.2.1.2}{Overview of Hidden Markov Model}{section.2.1}% 9
\BOOKMARK [1][-]{section.2.2}{Discrete Wavelet Transform}{chapter.2}% 10
\BOOKMARK [2][-]{subsection.2.2.1}{Background}{section.2.2}% 11
\BOOKMARK [2][-]{subsection.2.2.2}{Discrete Wavelet Transform}{section.2.2}% 12
\BOOKMARK [1][-]{section.2.3}{Contourlet Transform}{chapter.2}% 13
\BOOKMARK [2][-]{subsection.2.3.1}{Background}{section.2.3}% 14
\BOOKMARK [2][-]{subsection.2.3.2}{Contourlet Transform}{section.2.3}% 15
\BOOKMARK [1][-]{section.2.4}{PET Image Denoising}{chapter.2}% 16
\BOOKMARK [2][-]{subsection.2.4.1}{Image Denoising}{section.2.4}% 17
\BOOKMARK [2][-]{subsection.2.4.2}{PET Image}{section.2.4}% 18
\BOOKMARK [2][-]{subsection.2.4.3}{Wavelet and Contourlet Denoising}{section.2.4}% 19
\BOOKMARK [2][-]{subsection.2.4.4}{Wavelet-Contourlet Denoising}{section.2.4}% 20
\BOOKMARK [2][-]{subsection.2.4.5}{Proposed denoising method: Non-local Means}{section.2.4}% 21
\BOOKMARK [2][-]{subsection.2.4.6}{Proposed denoising method: Sparse 3D Transform-domain Collaborative Filter}{section.2.4}% 22
\BOOKMARK [1][-]{section.2.5}{PET/CT Image Segmentation}{chapter.2}% 23
\BOOKMARK [2][-]{subsection.2.5.1}{Introduction}{section.2.5}% 24
\BOOKMARK [2][-]{subsection.2.5.2}{Expectation Maximization \(EM\) Algorithm}{section.2.5}% 25
\BOOKMARK [2][-]{subsection.2.5.3}{Maximum A Posteriori \(MAP\) Estimation}{section.2.5}% 26
\BOOKMARK [0][-]{chapter.3}{Implementation}{}% 27
\BOOKMARK [1][-]{section.3.1}{PET Image Denoising}{chapter.3}% 28
\BOOKMARK [2][-]{subsection.3.1.1}{Wavelet Denoising}{section.3.1}% 29
\BOOKMARK [2][-]{subsection.3.1.2}{Contourlet Denoising}{section.3.1}% 30
\BOOKMARK [2][-]{subsection.3.1.3}{Wavelet-Contourlet Denoising}{section.3.1}% 31
\BOOKMARK [2][-]{subsection.3.1.4}{Non-local Means Filter}{section.3.1}% 32
\BOOKMARK [2][-]{subsection.3.1.5}{Sparse 3D Transform-domain Collaborative Filter}{section.3.1}% 33
\BOOKMARK [1][-]{section.3.2}{PET/CT Image Segmentation}{chapter.3}% 34
\BOOKMARK [1][-]{section.3.3}{Graphical User Interface}{chapter.3}% 35
\BOOKMARK [0][-]{chapter.4}{Result and Discussion}{}% 36
\BOOKMARK [0][-]{chapter.5}{Conclusion}{}% 37
\BOOKMARK [0][-]{chapter*.21}{Bibliography}{}% 38
